#
# A fatal error has been detected by the Java Runtime Environment:
#
#  Internal Error (javaClasses.cpp:129), pid=7646, tid=140398192027392
#  fatal error: Invalid layout of preloaded class
#
# JRE version: 7.0_25-b15
# Java VM: Java HotSpot(TM) 64-Bit Server VM (23.25-b01 mixed mode linux-amd64 compressed oops)
# Failed to write core dump. Core dumps have been disabled. To enable core dumping, try "ulimit -c unlimited" before starting Java again
#
# If you would like to submit a bug report, please visit:
#   http://bugreport.sun.com/bugreport/crash.jsp
#

---------------  T H R E A D  ---------------

Current thread (0x00007fb0f8009000):  JavaThread "Unknown thread" [_thread_in_vm, id=7651, stack(0x00007fb1004ce000,0x00007fb1005cf000)]

Stack: [0x00007fb1004ce000,0x00007fb1005cf000],  sp=0x00007fb1005cd7a0,  free space=1021k
Native frames: (J=compiled Java code, j=interpreted, Vv=VM code, C=native code)
V  [libjvm.so+0x8a1d3a]  VMError::report_and_die()+0x2ea
V  [libjvm.so+0x407539]  report_fatal(char const*, int, char const*)+0x59
V  [libjvm.so+0x551f47]  compute_offset(int&, klassOopDesc*, Symbol*, Symbol*, bool)+0x137
V  [libjvm.so+0x553169]  java_lang_String::compute_offsets()+0x39
V  [libjvm.so+0x830ea3]  SystemDictionary::initialize_preloaded_classes(Thread*)+0x143
V  [libjvm.so+0x87cf44]  Universe::genesis(Thread*)+0x474
V  [libjvm.so+0x87d3f4]  universe2_init()+0x24
V  [libjvm.so+0x50036d]  init_globals()+0xbd
V  [libjvm.so+0x863a62]  Threads::create_vm(JavaVMInitArgs*, bool*)+0x1e2
V  [libjvm.so+0x55ff34]  JNI_CreateJavaVM+0x74
C  [libjli.so+0x2f8e]  JavaMain+0x9e


---------------  P R O C E S S  ---------------

Java Threads: ( => current thread )

Other Threads:

=>0x00007fb0f8009000 (exited) JavaThread "Unknown thread" [_thread_in_vm, id=7651, stack(0x00007fb1004ce000,0x00007fb1005cf000)]

VM state:not at safepoint (not fully initialized)

VM Mutex/Monitor currently owned by a thread: None

GC Heap History (0 events):
No events

Deoptimization events (0 events):
No events

Internal exceptions (0 events):
No events

Events (10 events):
Event: 0.107 loading class 0x00007fb0f802aae0 done
Event: 0.107 loading class 0x00007fb0f802a380 done
Event: 0.107 loading class 0x00007fb0f802a350
Event: 0.107 loading class 0x00007fb0f80556a0
Event: 0.107 loading class 0x00007fb0f80556a0 done
Event: 0.107 loading class 0x00007fb0f80556e0
Event: 0.107 loading class 0x00007fb0f80556e0 done
Event: 0.107 loading class 0x00007fb0f8055720
Event: 0.107 loading class 0x00007fb0f8055720 done
Event: 0.108 loading class 0x00007fb0f802a350 done


Dynamic libraries:
00400000-00401000 r-xp 00000000 08:07 1977071                            /usr/local/jdk1.7.0_25/bin/java
00600000-00601000 rw-p 00000000 08:07 1977071                            /usr/local/jdk1.7.0_25/bin/java
01ee5000-01f06000 rw-p 00000000 00:00 0                                  [heap]
c0400000-c18c0000 rw-p 00000000 00:00 0 
c18c0000-c5600000 rw-p 00000000 00:00 0 
c5600000-c7d10000 rw-p 00000000 00:00 0 
c7d10000-ec760000 rw-p 00000000 00:00 0 
ec760000-edae0000 rw-p 00000000 00:00 0 
edae0000-100000000 rw-p 00000000 00:00 0 
7fb0d8000000-7fb0d8021000 rw-p 00000000 00:00 0 
7fb0d8021000-7fb0dc000000 ---p 00000000 00:00 0 
7fb0e0000000-7fb0e0021000 rw-p 00000000 00:00 0 
7fb0e0021000-7fb0e4000000 ---p 00000000 00:00 0 
7fb0e8000000-7fb0e8021000 rw-p 00000000 00:00 0 
7fb0e8021000-7fb0ec000000 ---p 00000000 00:00 0 
7fb0ee020000-7fb0f0000000 rw-p 00000000 00:00 0 
7fb0f0000000-7fb0f0021000 rw-p 00000000 00:00 0 
7fb0f0021000-7fb0f4000000 ---p 00000000 00:00 0 
7fb0f5000000-7fb0f5270000 rwxp 00000000 00:00 0 
7fb0f5270000-7fb0f805f000 rw-p 00000000 00:00 0 
7fb0f805f000-7fb0fc000000 ---p 00000000 00:00 0 
7fb0fc697000-7fb0fc8c6000 rw-p 00000000 00:00 0 
7fb0fc8c6000-7fb0fc990000 r--s 011ad000 08:07 2644012                    /usr/local/sdk/platforms/android-18/android.jar
7fb0fc990000-7fb0fd1b0000 rw-p 00000000 00:00 0 
7fb0fd1b0000-7fb0fd1b1000 ---p 00000000 00:00 0 
7fb0fd1b1000-7fb0fd2b1000 rw-p 00000000 00:00 0                          [stack:7655]
7fb0fd2b1000-7fb0fd2b2000 ---p 00000000 00:00 0 
7fb0fd2b2000-7fb0fd3b2000 rw-p 00000000 00:00 0                          [stack:7654]
7fb0fd3b2000-7fb0fd3b3000 ---p 00000000 00:00 0 
7fb0fd3b3000-7fb0fd4b3000 rw-p 00000000 00:00 0                          [stack:7653]
7fb0fd4b3000-7fb0fd4b4000 ---p 00000000 00:00 0 
7fb0fd4b4000-7fb0fd5bf000 rw-p 00000000 00:00 0                          [stack:7652]
7fb0fd5bf000-7fb0fd5dd000 rw-p 00000000 00:00 0 
7fb0fd5dd000-7fb0fd5f1000 rw-p 00000000 00:00 0 
7fb0fd5f1000-7fb0fd716000 rw-p 00000000 00:00 0 
7fb0fd716000-7fb0fd721000 rw-p 00000000 00:00 0 
7fb0fd721000-7fb0fd73f000 rw-p 00000000 00:00 0 
7fb0fd73f000-7fb0fd753000 rw-p 00000000 00:00 0 
7fb0fd753000-7fb0fd877000 rw-p 00000000 00:00 0 
7fb0fd877000-7fb0fd882000 rw-p 00000000 00:00 0 
7fb0fd882000-7fb0fd914000 rw-p 00000000 00:00 0 
7fb0fd914000-7fb0fd915000 rw-p 00000000 00:00 0 
7fb0fd915000-7fb0fd930000 r-xp 00000000 08:07 1976762                    /usr/local/jdk1.7.0_25/jre/lib/amd64/libzip.so
7fb0fd930000-7fb0fdb2f000 ---p 0001b000 08:07 1976762                    /usr/local/jdk1.7.0_25/jre/lib/amd64/libzip.so
7fb0fdb2f000-7fb0fdb30000 rw-p 0001a000 08:07 1976762                    /usr/local/jdk1.7.0_25/jre/lib/amd64/libzip.so
7fb0fdb30000-7fb0fdb3c000 r-xp 00000000 08:07 2495716                    /lib/x86_64-linux-gnu/libnss_files-2.17.so
7fb0fdb3c000-7fb0fdd3b000 ---p 0000c000 08:07 2495716                    /lib/x86_64-linux-gnu/libnss_files-2.17.so
7fb0fdd3b000-7fb0fdd3c000 r--p 0000b000 08:07 2495716                    /lib/x86_64-linux-gnu/libnss_files-2.17.so
7fb0fdd3c000-7fb0fdd3d000 rw-p 0000c000 08:07 2495716                    /lib/x86_64-linux-gnu/libnss_files-2.17.so
7fb0fdd3d000-7fb0fdd48000 r-xp 00000000 08:07 2495714                    /lib/x86_64-linux-gnu/libnss_nis-2.17.so
7fb0fdd48000-7fb0fdf47000 ---p 0000b000 08:07 2495714                    /lib/x86_64-linux-gnu/libnss_nis-2.17.so
7fb0fdf47000-7fb0fdf48000 r--p 0000a000 08:07 2495714                    /lib/x86_64-linux-gnu/libnss_nis-2.17.so
7fb0fdf48000-7fb0fdf49000 rw-p 0000b000 08:07 2495714                    /lib/x86_64-linux-gnu/libnss_nis-2.17.so
7fb0fdf49000-7fb0fdf60000 r-xp 00000000 08:07 2491180                    /lib/x86_64-linux-gnu/libnsl-2.17.so
7fb0fdf60000-7fb0fe15f000 ---p 00017000 08:07 2491180                    /lib/x86_64-linux-gnu/libnsl-2.17.so
7fb0fe15f000-7fb0fe160000 r--p 00016000 08:07 2491180                    /lib/x86_64-linux-gnu/libnsl-2.17.so
7fb0fe160000-7fb0fe161000 rw-p 00017000 08:07 2491180                    /lib/x86_64-linux-gnu/libnsl-2.17.so
7fb0fe161000-7fb0fe163000 rw-p 00000000 00:00 0 
7fb0fe163000-7fb0fe16b000 r-xp 00000000 08:07 2494749                    /lib/x86_64-linux-gnu/libnss_compat-2.17.so
7fb0fe16b000-7fb0fe36a000 ---p 00008000 08:07 2494749                    /lib/x86_64-linux-gnu/libnss_compat-2.17.so
7fb0fe36a000-7fb0fe36b000 r--p 00007000 08:07 2494749                    /lib/x86_64-linux-gnu/libnss_compat-2.17.so
7fb0fe36b000-7fb0fe36c000 rw-p 00008000 08:07 2494749                    /lib/x86_64-linux-gnu/libnss_compat-2.17.so
7fb0fe36c000-7fb0fe395000 r-xp 00000000 08:07 1976694                    /usr/local/jdk1.7.0_25/jre/lib/amd64/libjava.so
7fb0fe395000-7fb0fe595000 ---p 00029000 08:07 1976694                    /usr/local/jdk1.7.0_25/jre/lib/amd64/libjava.so
7fb0fe595000-7fb0fe597000 rw-p 00029000 08:07 1976694                    /usr/local/jdk1.7.0_25/jre/lib/amd64/libjava.so
7fb0fe597000-7fb0fe5a4000 r-xp 00000000 08:07 1976540                    /usr/local/jdk1.7.0_25/jre/lib/amd64/libverify.so
7fb0fe5a4000-7fb0fe7a3000 ---p 0000d000 08:07 1976540                    /usr/local/jdk1.7.0_25/jre/lib/amd64/libverify.so
7fb0fe7a3000-7fb0fe7a5000 rw-p 0000c000 08:07 1976540                    /usr/local/jdk1.7.0_25/jre/lib/amd64/libverify.so
7fb0fe7a5000-7fb0fe7ac000 r-xp 00000000 08:07 2495717                    /lib/x86_64-linux-gnu/librt-2.17.so
7fb0fe7ac000-7fb0fe9ab000 ---p 00007000 08:07 2495717                    /lib/x86_64-linux-gnu/librt-2.17.so
7fb0fe9ab000-7fb0fe9ac000 r--p 00006000 08:07 2495717                    /lib/x86_64-linux-gnu/librt-2.17.so
7fb0fe9ac000-7fb0fe9ad000 rw-p 00007000 08:07 2495717                    /lib/x86_64-linux-gnu/librt-2.17.so
7fb0fe9ad000-7fb0feab0000 r-xp 00000000 08:07 2494754                    /lib/x86_64-linux-gnu/libm-2.17.so
7fb0feab0000-7fb0fecaf000 ---p 00103000 08:07 2494754                    /lib/x86_64-linux-gnu/libm-2.17.so
7fb0fecaf000-7fb0fecb0000 r--p 00102000 08:07 2494754                    /lib/x86_64-linux-gnu/libm-2.17.so
7fb0fecb0000-7fb0fecb1000 rw-p 00103000 08:07 2494754                    /lib/x86_64-linux-gnu/libm-2.17.so
7fb0fecb1000-7fb0ff6f2000 r-xp 00000000 08:07 1976339                    /usr/local/jdk1.7.0_25/jre/lib/amd64/server/libjvm.so
7fb0ff6f2000-7fb0ff8f2000 ---p 00a41000 08:07 1976339                    /usr/local/jdk1.7.0_25/jre/lib/amd64/server/libjvm.so
7fb0ff8f2000-7fb0ff995000 rw-p 00a41000 08:07 1976339                    /usr/local/jdk1.7.0_25/jre/lib/amd64/server/libjvm.so
7fb0ff995000-7fb0ff9d1000 rw-p 00000000 00:00 0 
7fb0ff9d1000-7fb0ffb8e000 r-xp 00000000 08:07 2495740                    /lib/x86_64-linux-gnu/libc-2.17.so
7fb0ffb8e000-7fb0ffd8e000 ---p 001bd000 08:07 2495740                    /lib/x86_64-linux-gnu/libc-2.17.so
7fb0ffd8e000-7fb0ffd92000 r--p 001bd000 08:07 2495740                    /lib/x86_64-linux-gnu/libc-2.17.so
7fb0ffd92000-7fb0ffd94000 rw-p 001c1000 08:07 2495740                    /lib/x86_64-linux-gnu/libc-2.17.so
7fb0ffd94000-7fb0ffd99000 rw-p 00000000 00:00 0 
7fb0ffd99000-7fb0ffd9c000 r-xp 00000000 08:07 2495741                    /lib/x86_64-linux-gnu/libdl-2.17.so
7fb0ffd9c000-7fb0fff9b000 ---p 00003000 08:07 2495741                    /lib/x86_64-linux-gnu/libdl-2.17.so
7fb0fff9b000-7fb0fff9c000 r--p 00002000 08:07 2495741                    /lib/x86_64-linux-gnu/libdl-2.17.so
7fb0fff9c000-7fb0fff9d000 rw-p 00003000 08:07 2495741                    /lib/x86_64-linux-gnu/libdl-2.17.so
7fb0fff9d000-7fb0fffb3000 r-xp 00000000 08:07 1976471                    /usr/local/jdk1.7.0_25/jre/lib/amd64/jli/libjli.so
7fb0fffb3000-7fb1001b3000 ---p 00016000 08:07 1976471                    /usr/local/jdk1.7.0_25/jre/lib/amd64/jli/libjli.so
7fb1001b3000-7fb1001b4000 rw-p 00016000 08:07 1976471                    /usr/local/jdk1.7.0_25/jre/lib/amd64/jli/libjli.so
7fb1001b4000-7fb1001cb000 r-xp 00000000 08:07 2495742                    /lib/x86_64-linux-gnu/libpthread-2.17.so
7fb1001cb000-7fb1003cb000 ---p 00017000 08:07 2495742                    /lib/x86_64-linux-gnu/libpthread-2.17.so
7fb1003cb000-7fb1003cc000 r--p 00017000 08:07 2495742                    /lib/x86_64-linux-gnu/libpthread-2.17.so
7fb1003cc000-7fb1003cd000 rw-p 00018000 08:07 2495742                    /lib/x86_64-linux-gnu/libpthread-2.17.so
7fb1003cd000-7fb1003d1000 rw-p 00000000 00:00 0 
7fb1003d1000-7fb1003f4000 r-xp 00000000 08:07 2494758                    /lib/x86_64-linux-gnu/ld-2.17.so
7fb10040e000-7fb100418000 rw-p 00000000 00:00 0 
7fb100418000-7fb1004ce000 rw-p 00000000 00:00 0 
7fb1004ce000-7fb1004d1000 ---p 00000000 00:00 0 
7fb1004d1000-7fb1005d3000 rw-p 00000000 00:00 0                          [stack:7651]
7fb1005e5000-7fb1005e7000 rw-p 00000000 00:00 0 
7fb1005e7000-7fb1005ef000 rw-s 00000000 08:07 1990466                    /tmp/hsperfdata_root/7646
7fb1005ef000-7fb1005f0000 rw-p 00000000 00:00 0 
7fb1005f0000-7fb1005f1000 r--p 00000000 00:00 0 
7fb1005f1000-7fb1005f3000 rw-p 00000000 00:00 0 
7fb1005f3000-7fb1005f4000 r--p 00022000 08:07 2494758                    /lib/x86_64-linux-gnu/ld-2.17.so
7fb1005f4000-7fb1005f6000 rw-p 00023000 08:07 2494758                    /lib/x86_64-linux-gnu/ld-2.17.so
7fff718b4000-7fff718d5000 rw-p 00000000 00:00 0                          [stack]
7fff719fe000-7fff71a00000 r-xp 00000000 00:00 0                          [vdso]
ffffffffff600000-ffffffffff601000 r-xp 00000000 00:00 0                  [vsyscall]

VM Arguments:
jvm_args: -Dfile.encoding=UTF-8 -Xbootclasspath:/usr/local/sdk/platforms/android-18/android.jar 
java_command: ghost.bankaccountclient.Generator
Launcher Type: SUN_STANDARD

Environment Variables:
PATH=/usr/local/sbin:/usr/local/bin:/usr/sbin:/usr/bin:/sbin:/bin
USERNAME=root
SHELL=/bin/bash
DISPLAY=:0

Signal Handlers:
SIGSEGV: [libjvm.so+0x8a26a0], sa_mask[0]=0x7ffbfeff, sa_flags=0x10000004
SIGBUS: [libjvm.so+0x8a26a0], sa_mask[0]=0x7ffbfeff, sa_flags=0x10000004
SIGFPE: [libjvm.so+0x73f3d0], sa_mask[0]=0x7ffbfeff, sa_flags=0x10000004
SIGPIPE: [libjvm.so+0x73f3d0], sa_mask[0]=0x7ffbfeff, sa_flags=0x10000004
SIGXFSZ: [libjvm.so+0x73f3d0], sa_mask[0]=0x7ffbfeff, sa_flags=0x10000004
SIGILL: [libjvm.so+0x73f3d0], sa_mask[0]=0x7ffbfeff, sa_flags=0x10000004
SIGUSR1: SIG_DFL, sa_mask[0]=0x00000000, sa_flags=0x00000000
SIGUSR2: [libjvm.so+0x73ed20], sa_mask[0]=0x00000004, sa_flags=0x10000004
SIGHUP: SIG_DFL, sa_mask[0]=0x00000000, sa_flags=0x00000000
SIGINT: SIG_DFL, sa_mask[0]=0x00000000, sa_flags=0x00000000
SIGTERM: SIG_DFL, sa_mask[0]=0x00000000, sa_flags=0x00000000
SIGQUIT: SIG_DFL, sa_mask[0]=0x00000000, sa_flags=0x00000000


---------------  S Y S T E M  ---------------

OS:wheezy/sid

uname:Linux 3.11.0-14-generic #21-Ubuntu SMP Tue Nov 12 17:04:55 UTC 2013 x86_64
libc:glibc 2.17 NPTL 2.17 
rlimit: STACK 8192k, CORE 0k, NPROC 29795, NOFILE 4096, AS infinity
load average:0.23 0.20 0.33

/proc/meminfo:
MemTotal:        3833984 kB
MemFree:          112840 kB
Buffers:          106980 kB
Cached:          1211148 kB
SwapCached:            0 kB
Active:          2299416 kB
Inactive:        1111804 kB
Active(anon):    1873252 kB
Inactive(anon):   705424 kB
Active(file):     426164 kB
Inactive(file):   406380 kB
Unevictable:          48 kB
Mlocked:              48 kB
SwapTotal:       4881404 kB
SwapFree:        4881100 kB
Dirty:               248 kB
Writeback:             0 kB
AnonPages:       2093112 kB
Mapped:           293944 kB
Shmem:            485456 kB
Slab:             193888 kB
SReclaimable:     155396 kB
SUnreclaim:        38492 kB
KernelStack:        5416 kB
PageTables:        57244 kB
NFS_Unstable:          0 kB
Bounce:                0 kB
WritebackTmp:          0 kB
CommitLimit:     6798396 kB
Committed_AS:    6664328 kB
VmallocTotal:   34359738367 kB
VmallocUsed:      545836 kB
VmallocChunk:   34359187300 kB
HardwareCorrupted:     0 kB
AnonHugePages:         0 kB
HugePages_Total:       0
HugePages_Free:        0
HugePages_Rsvd:        0
HugePages_Surp:        0
Hugepagesize:       2048 kB
DirectMap4k:       56264 kB
DirectMap2M:     3921920 kB


CPU:total 4 (2 cores per cpu, 2 threads per core) family 6 model 37 stepping 5, cmov, cx8, fxsr, mmx, sse, sse2, sse3, ssse3, sse4.1, sse4.2, popcnt, ht, tsc, tscinvbit

/proc/cpuinfo:
processor	: 0
vendor_id	: GenuineIntel
cpu family	: 6
model		: 37
model name	: Intel(R) Core(TM) i5 CPU       M 460  @ 2.53GHz
stepping	: 5
microcode	: 0x2
cpu MHz		: 1199.000
cache size	: 3072 KB
physical id	: 0
siblings	: 4
core id		: 0
cpu cores	: 2
apicid		: 0
initial apicid	: 0
fpu		: yes
fpu_exception	: yes
cpuid level	: 11
wp		: yes
flags		: fpu vme de pse tsc msr pae mce cx8 apic sep mtrr pge mca cmov pat pse36 clflush dts acpi mmx fxsr sse sse2 ss ht tm pbe syscall nx rdtscp lm constant_tsc arch_perfmon pebs bts rep_good nopl xtopology nonstop_tsc aperfmperf pni dtes64 monitor ds_cpl vmx est tm2 ssse3 cx16 xtpr pdcm pcid sse4_1 sse4_2 popcnt lahf_lm ida arat dtherm tpr_shadow vnmi flexpriority ept vpid
bogomips	: 5231.08
clflush size	: 64
cache_alignment	: 64
address sizes	: 36 bits physical, 48 bits virtual
power management:

processor	: 1
vendor_id	: GenuineIntel
cpu family	: 6
model		: 37
model name	: Intel(R) Core(TM) i5 CPU       M 460  @ 2.53GHz
stepping	: 5
microcode	: 0x2
cpu MHz		: 1199.000
cache size	: 3072 KB
physical id	: 0
siblings	: 4
core id		: 2
cpu cores	: 2
apicid		: 4
initial apicid	: 4
fpu		: yes
fpu_exception	: yes
cpuid level	: 11
wp		: yes
flags		: fpu vme de pse tsc msr pae mce cx8 apic sep mtrr pge mca cmov pat pse36 clflush dts acpi mmx fxsr sse sse2 ss ht tm pbe syscall nx rdtscp lm constant_tsc arch_perfmon pebs bts rep_good nopl xtopology nonstop_tsc aperfmperf pni dtes64 monitor ds_cpl vmx est tm2 ssse3 cx16 xtpr pdcm pcid sse4_1 sse4_2 popcnt lahf_lm ida arat dtherm tpr_shadow vnmi flexpriority ept vpid
bogomips	: 5231.08
clflush size	: 64
cache_alignment	: 64
address sizes	: 36 bits physical, 48 bits virtual
power management:

processor	: 2
vendor_id	: GenuineIntel
cpu family	: 6
model		: 37
model name	: Intel(R) Core(TM) i5 CPU       M 460  @ 2.53GHz
stepping	: 5
microcode	: 0x2
cpu MHz		: 1199.000
cache size	: 3072 KB
physical id	: 0
siblings	: 4
core id		: 0
cpu cores	: 2
apicid		: 1
initial apicid	: 1
fpu		: yes
fpu_exception	: yes
cpuid level	: 11
wp		: yes
flags		: fpu vme de pse tsc msr pae mce cx8 apic sep mtrr pge mca cmov pat pse36 clflush dts acpi mmx fxsr sse sse2 ss ht tm pbe syscall nx rdtscp lm constant_tsc arch_perfmon pebs bts rep_good nopl xtopology nonstop_tsc aperfmperf pni dtes64 monitor ds_cpl vmx est tm2 ssse3 cx16 xtpr pdcm pcid sse4_1 sse4_2 popcnt lahf_lm ida arat dtherm tpr_shadow vnmi flexpriority ept vpid
bogomips	: 5231.08
clflush size	: 64
cache_alignment	: 64
address sizes	: 36 bits physical, 48 bits virtual
power management:

processor	: 3
vendor_id	: GenuineIntel
cpu family	: 6
model		: 37
model name	: Intel(R) Core(TM) i5 CPU       M 460  @ 2.53GHz
stepping	: 5
microcode	: 0x2
cpu MHz		: 2534.000
cache size	: 3072 KB
physical id	: 0
siblings	: 4
core id		: 2
cpu cores	: 2
apicid		: 5
initial apicid	: 5
fpu		: yes
fpu_exception	: yes
cpuid level	: 11
wp		: yes
flags		: fpu vme de pse tsc msr pae mce cx8 apic sep mtrr pge mca cmov pat pse36 clflush dts acpi mmx fxsr sse sse2 ss ht tm pbe syscall nx rdtscp lm constant_tsc arch_perfmon pebs bts rep_good nopl xtopology nonstop_tsc aperfmperf pni dtes64 monitor ds_cpl vmx est tm2 ssse3 cx16 xtpr pdcm pcid sse4_1 sse4_2 popcnt lahf_lm ida arat dtherm tpr_shadow vnmi flexpriority ept vpid
bogomips	: 5231.08
clflush size	: 64
cache_alignment	: 64
address sizes	: 36 bits physical, 48 bits virtual
power management:



Memory: 4k page, physical 3833984k(112840k free), swap 4881404k(4881100k free)

vm_info: Java HotSpot(TM) 64-Bit Server VM (23.25-b01) for linux-amd64 JRE (1.7.0_25-b15), built on Jun  5 2013 20:48:36 by "java_re" with gcc 4.3.0 20080428 (Red Hat 4.3.0-8)

time: Sun Dec 15 22:10:38 2013
elapsed time: 0 seconds

